2025-04-17 08:56:00 | WARN | repo=pv243-a4m36jee-2016-security-seminar | action=edit | files=3
2025-04-08 20:12:00 | INFO | repo=pv243-a4m36jee-2016-security-seminar | action=test | passed=true
2025-02-23 12:25:00 | INFO | repo=pv243-a4m36jee-2016-security-seminar | action=edit | files=3
2025-02-07 16:33:00 | DEBUG | repo=pv243-a4m36jee-2016-security-seminar | action=commit
2025-05-27 16:32:00 | DEBUG | repo=pv243-a4m36jee-2016-security-seminar | action=commit
2025-04-13 08:57:00 | DEBUG | repo=pv243-a4m36jee-2016-security-seminar | action=test | passed=true
2025-06-16 08:47:00 | INFO | repo=pv243-a4m36jee-2016-security-seminar | action=commit
2025-06-02 21:40:00 | WARN | repo=pv243-a4m36jee-2016-security-seminar | action=commit
2025-08-14 14:27:00 | WARN | repo=pv243-a4m36jee-2016-security-seminar | action=commit
2025-12-15 12:00:00 | WARN | repo=pv243-a4m36jee-2016-security-seminar | action=edit | files=3
2025-07-28 07:01:00 | DEBUG | repo=pv243-a4m36jee-2016-security-seminar | action=pull
2025-05-20 09:44:00 | WARN | repo=pv243-a4m36jee-2016-security-seminar | action=commit
2025-04-15 21:57:00 | DEBUG | repo=pv243-a4m36jee-2016-security-seminar | action=commit
2025-12-08 16:26:00 | WARN | repo=pv243-a4m36jee-2016-security-seminar | action=commit
2025-11-26 14:43:00 | WARN | repo=pv243-a4m36jee-2016-security-seminar | action=commit
2025-01-25 07:42:00 | WARN | repo=pv243-a4m36jee-2016-security-seminar | action=commit
2025-03-23 13:49:00 | WARN | repo=pv243-a4m36jee-2016-security-seminar | action=commit
2025-07-16 11:15:00 | WARN | repo=pv243-a4m36jee-2016-security-seminar | action=edit | files=5
2025-05-15 19:08:00 | WARN | repo=pv243-a4m36jee-2016-security-seminar | action=commit
2025-03-07 08:03:00 | DEBUG | repo=pv243-a4m36jee-2016-security-seminar | action=commit
2025-03-26 09:39:00 | INFO | repo=pv243-a4m36jee-2016-security-seminar | action=commit
2025-11-03 09:00:00 | WARN | repo=pv243-a4m36jee-2016-security-seminar | action=commit
2025-01-05 18:52:00 | DEBUG | repo=pv243-a4m36jee-2016-security-seminar | action=pull
2025-08-14 16:27:00 | INFO | repo=pv243-a4m36jee-2016-security-seminar | action=test | passed=true
2025-05-18 20:33:00 | WARN | repo=pv243-a4m36jee-2016-security-seminar | action=commit
2025-05-06 08:45:00 | WARN | repo=pv243-a4m36jee-2016-security-seminar | action=pull
2025-02-24 18:23:00 | INFO | repo=pv243-a4m36jee-2016-security-seminar | action=commit
2025-02-23 08:38:00 | DEBUG | repo=pv243-a4m36jee-2016-security-seminar | action=test | passed=true
2025-09-09 15:21:00 | DEBUG | repo=pv243-a4m36jee-2016-security-seminar | action=pull
2025-08-03 10:08:00 | INFO | repo=pv243-a4m36jee-2016-security-seminar | action=commit
2025-01-18 11:33:00 | DEBUG | repo=pv243-a4m36jee-2016-security-seminar | action=commit
2025-08-25 18:38:00 | INFO | repo=pv243-a4m36jee-2016-security-seminar | action=commit
2025-08-28 21:37:00 | DEBUG | repo=pv243-a4m36jee-2016-security-seminar | action=pull
2025-08-25 10:42:00 | DEBUG | repo=pv243-a4m36jee-2016-security-seminar | action=edit | files=3
2025-05-23 13:51:00 | DEBUG | repo=pv243-a4m36jee-2016-security-seminar | action=pull
2025-01-08 20:55:00 | INFO | repo=pv243-a4m36jee-2016-security-seminar | action=commit
2025-03-18 11:04:00 | INFO | repo=pv243-a4m36jee-2016-security-seminar | action=commit
2025-08-15 07:37:00 | DEBUG | repo=pv243-a4m36jee-2016-security-seminar | action=commit
2025-04-06 20:41:00 | INFO | repo=pv243-a4m36jee-2016-security-seminar | action=commit
2025-07-13 15:28:00 | WARN | repo=pv243-a4m36jee-2016-security-seminar | action=commit
2025-08-07 11:33:00 | DEBUG | repo=pv243-a4m36jee-2016-security-seminar | action=commit
2025-11-16 08:00:00 | WARN | repo=pv243-a4m36jee-2016-security-seminar | action=commit
2025-10-04 08:05:00 | INFO | repo=pv243-a4m36jee-2016-security-seminar | action=commit
2025-07-25 18:11:00 | WARN | repo=pv243-a4m36jee-2016-security-seminar | action=commit
2025-07-08 12:58:00 | DEBUG | repo=pv243-a4m36jee-2016-security-seminar | action=commit
2025-02-03 14:32:00 | INFO | repo=pv243-a4m36jee-2016-security-seminar | action=pull
2025-01-17 12:19:00 | DEBUG | repo=pv243-a4m36jee-2016-security-seminar | action=commit
2025-06-01 20:00:00 | DEBUG | repo=pv243-a4m36jee-2016-security-seminar | action=commit
2025-12-08 08:12:00 | INFO | repo=pv243-a4m36jee-2016-security-seminar | action=pull
2025-06-08 13:49:00 | DEBUG | repo=pv243-a4m36jee-2016-security-seminar | action=commit
2025-11-12 07:53:00 | WARN | repo=pv243-a4m36jee-2016-security-seminar | action=commit
